<?xml version="1.0" encoding="UTF-8"?>
<coverage generated="1681248224131" clover="3.2.0">
  <project timestamp="1681248224131" name="All files">
    <metrics statements="105" coveredstatements="98" conditionals="80" coveredconditionals="64" methods="15" coveredmethods="15" elements="200" coveredelements="177" complexity="0" loc="105" ncloc="105" packages="1" files="3" classes="3"/>
    <file name="prompt.ts" path="/Users/morganparry/repos/interviewPrep/src/robots/prompt.ts">
      <metrics statements="1" coveredstatements="1" conditionals="0" coveredconditionals="0" methods="0" coveredmethods="0"/>
      <line num="4" count="1" type="stmt"/>
    </file>
    <file name="service.ts" path="/Users/morganparry/repos/interviewPrep/src/robots/service.ts">
      <metrics statements="52" coveredstatements="45" conditionals="56" coveredconditionals="40" methods="8" coveredmethods="8"/>
      <line num="6" count="15" type="stmt"/>
      <line num="7" count="15" type="stmt"/>
      <line num="8" count="15" type="stmt"/>
      <line num="9" count="15" type="stmt"/>
      <line num="10" count="15" type="stmt"/>
      <line num="12" count="15" type="stmt"/>
      <line num="13" count="15" type="stmt"/>
      <line num="14" count="15" type="stmt"/>
      <line num="15" count="15" type="stmt"/>
      <line num="23" count="14" type="stmt"/>
      <line num="24" count="35" type="stmt"/>
      <line num="25" count="35" type="cond" truecount="2" falsecount="0"/>
      <line num="26" count="19" type="stmt"/>
      <line num="27" count="16" type="cond" truecount="2" falsecount="0"/>
      <line num="28" count="5" type="stmt"/>
      <line num="29" count="11" type="cond" truecount="1" falsecount="1"/>
      <line num="30" count="11" type="stmt"/>
      <line num="32" count="35" type="cond" truecount="2" falsecount="0"/>
      <line num="33" count="7" type="stmt"/>
      <line num="34" count="7" type="stmt"/>
      <line num="42" count="4" type="cond" truecount="2" falsecount="0"/>
      <line num="49" count="19" type="cond" truecount="2" falsecount="0"/>
      <line num="50" count="10" type="cond" truecount="1" falsecount="1"/>
      <line num="51" count="9" type="cond" truecount="2" falsecount="0"/>
      <line num="52" count="3" type="cond" truecount="1" falsecount="1"/>
      <line num="53" count="6" type="cond" truecount="2" falsecount="0"/>
      <line num="54" count="3" type="cond" truecount="1" falsecount="1"/>
      <line num="55" count="3" type="cond" truecount="1" falsecount="1"/>
      <line num="56" count="3" type="cond" truecount="1" falsecount="1"/>
      <line num="62" count="35" type="cond" truecount="6" falsecount="0"/>
      <line num="63" count="7" type="stmt"/>
      <line num="64" count="7" type="stmt"/>
      <line num="71" count="7" type="cond" truecount="2" falsecount="0"/>
      <line num="72" count="7" type="cond" truecount="1" falsecount="1"/>
      <line num="73" count="7" type="cond" truecount="2" falsecount="0"/>
      <line num="74" count="7" type="cond" truecount="2" falsecount="0"/>
      <line num="81" count="5" type="cond" truecount="1" falsecount="1"/>
      <line num="82" count="5" type="stmt"/>
      <line num="83" count="0" type="cond" truecount="0" falsecount="2"/>
      <line num="84" count="0" type="stmt"/>
      <line num="85" count="0" type="cond" truecount="0" falsecount="2"/>
      <line num="86" count="0" type="stmt"/>
      <line num="87" count="0" type="cond" truecount="0" falsecount="2"/>
      <line num="88" count="0" type="stmt"/>
      <line num="95" count="11" type="cond" truecount="2" falsecount="0"/>
      <line num="96" count="4" type="stmt"/>
      <line num="97" count="7" type="cond" truecount="2" falsecount="0"/>
      <line num="98" count="5" type="stmt"/>
      <line num="99" count="2" type="cond" truecount="1" falsecount="1"/>
      <line num="100" count="0" type="stmt"/>
      <line num="101" count="2" type="cond" truecount="1" falsecount="1"/>
      <line num="102" count="2" type="stmt"/>
    </file>
    <file name="utils.ts" path="/Users/morganparry/repos/interviewPrep/src/robots/utils.ts">
      <metrics statements="52" coveredstatements="52" conditionals="24" coveredconditionals="24" methods="7" coveredmethods="7"/>
      <line num="9" count="1" type="stmt"/>
      <line num="10" count="1" type="stmt"/>
      <line num="15" count="1" type="stmt"/>
      <line num="23" count="1" type="stmt"/>
      <line num="24" count="7" type="stmt"/>
      <line num="25" count="7" type="cond" truecount="2" falsecount="0"/>
      <line num="26" count="1" type="stmt"/>
      <line num="33" count="6" type="stmt"/>
      <line num="46" count="1" type="stmt"/>
      <line num="47" count="7" type="stmt"/>
      <line num="48" count="7" type="cond" truecount="4" falsecount="0"/>
      <line num="49" count="1" type="stmt"/>
      <line num="51" count="6" type="stmt"/>
      <line num="55" count="1" type="stmt"/>
      <line num="66" count="1" type="stmt"/>
      <line num="68" count="5" type="stmt"/>
      <line num="70" count="5" type="cond" truecount="2" falsecount="0"/>
      <line num="71" count="1" type="stmt"/>
      <line num="72" count="1" type="stmt"/>
      <line num="74" count="4" type="stmt"/>
      <line num="77" count="4" type="cond" truecount="2" falsecount="0"/>
      <line num="78" count="1" type="stmt"/>
      <line num="79" count="1" type="stmt"/>
      <line num="82" count="3" type="stmt"/>
      <line num="83" count="3" type="stmt"/>
      <line num="85" count="3" type="stmt"/>
      <line num="96" count="7" type="stmt"/>
      <line num="103" count="1" type="stmt"/>
      <line num="104" count="7" type="stmt"/>
      <line num="106" count="7" type="cond" truecount="2" falsecount="0"/>
      <line num="107" count="1" type="stmt"/>
      <line num="108" count="1" type="stmt"/>
      <line num="111" count="6" type="stmt"/>
      <line num="112" count="6" type="cond" truecount="2" falsecount="0"/>
      <line num="113" count="1" type="stmt"/>
      <line num="114" count="1" type="stmt"/>
      <line num="117" count="5" type="stmt"/>
      <line num="119" count="5" type="stmt"/>
      <line num="121" count="5" type="cond" truecount="2" falsecount="0"/>
      <line num="127" count="1" type="stmt"/>
      <line num="128" count="1" type="stmt"/>
      <line num="131" count="4" type="stmt"/>
      <line num="137" count="1" type="stmt"/>
      <line num="143" count="1" type="stmt"/>
      <line num="144" count="5" type="stmt"/>
      <line num="145" count="5" type="cond" truecount="2" falsecount="0"/>
      <line num="146" count="1" type="stmt"/>
      <line num="147" count="1" type="stmt"/>
      <line num="150" count="4" type="cond" truecount="2" falsecount="0"/>
      <line num="151" count="1" type="stmt"/>
      <line num="152" count="1" type="stmt"/>
      <line num="155" count="3" type="stmt"/>
    </file>
  </project>
</coverage>
