<?xml version="1.0" encoding="UTF-8"?>
<coverage generated="1681244011980" clover="3.2.0">
  <project timestamp="1681244011980" name="All files">
    <metrics statements="105" coveredstatements="95" conditionals="80" coveredconditionals="61" methods="15" coveredmethods="15" elements="200" coveredelements="171" complexity="0" loc="105" ncloc="105" packages="1" files="3" classes="3"/>
    <file name="prompt.ts" path="/Users/morganparry/repos/interviewPrep/src/robots/prompt.ts">
      <metrics statements="1" coveredstatements="1" conditionals="0" coveredconditionals="0" methods="0" coveredmethods="0"/>
      <line num="4" count="1" type="stmt"/>
    </file>
    <file name="service.ts" path="/Users/morganparry/repos/interviewPrep/src/robots/service.ts">
      <metrics statements="52" coveredstatements="42" conditionals="56" coveredconditionals="37" methods="8" coveredmethods="8"/>
      <line num="6" count="11" type="stmt"/>
      <line num="7" count="11" type="stmt"/>
      <line num="8" count="11" type="stmt"/>
      <line num="9" count="11" type="stmt"/>
      <line num="10" count="11" type="stmt"/>
      <line num="12" count="11" type="stmt"/>
      <line num="13" count="11" type="stmt"/>
      <line num="14" count="11" type="stmt"/>
      <line num="15" count="11" type="stmt"/>
      <line num="23" count="10" type="stmt"/>
      <line num="24" count="21" type="stmt"/>
      <line num="25" count="21" type="cond" truecount="2" falsecount="0"/>
      <line num="26" count="15" type="stmt"/>
      <line num="27" count="6" type="cond" truecount="2" falsecount="0"/>
      <line num="28" count="3" type="stmt"/>
      <line num="29" count="3" type="cond" truecount="1" falsecount="1"/>
      <line num="30" count="3" type="stmt"/>
      <line num="32" count="21" type="cond" truecount="2" falsecount="0"/>
      <line num="33" count="6" type="stmt"/>
      <line num="34" count="6" type="stmt"/>
      <line num="42" count="4" type="cond" truecount="2" falsecount="0"/>
      <line num="49" count="15" type="cond" truecount="2" falsecount="0"/>
      <line num="50" count="8" type="cond" truecount="1" falsecount="1"/>
      <line num="51" count="7" type="cond" truecount="2" falsecount="0"/>
      <line num="52" count="2" type="cond" truecount="1" falsecount="1"/>
      <line num="53" count="5" type="cond" truecount="2" falsecount="0"/>
      <line num="54" count="2" type="cond" truecount="1" falsecount="1"/>
      <line num="55" count="3" type="cond" truecount="1" falsecount="1"/>
      <line num="56" count="3" type="cond" truecount="1" falsecount="1"/>
      <line num="62" count="21" type="cond" truecount="6" falsecount="0"/>
      <line num="63" count="6" type="stmt"/>
      <line num="64" count="6" type="stmt"/>
      <line num="71" count="6" type="cond" truecount="2" falsecount="0"/>
      <line num="72" count="6" type="cond" truecount="1" falsecount="1"/>
      <line num="73" count="6" type="cond" truecount="2" falsecount="0"/>
      <line num="74" count="6" type="cond" truecount="2" falsecount="0"/>
      <line num="81" count="3" type="cond" truecount="1" falsecount="1"/>
      <line num="82" count="3" type="stmt"/>
      <line num="83" count="0" type="cond" truecount="0" falsecount="2"/>
      <line num="84" count="0" type="stmt"/>
      <line num="85" count="0" type="cond" truecount="0" falsecount="2"/>
      <line num="86" count="0" type="stmt"/>
      <line num="87" count="0" type="cond" truecount="0" falsecount="2"/>
      <line num="88" count="0" type="stmt"/>
      <line num="95" count="3" type="cond" truecount="2" falsecount="0"/>
      <line num="96" count="1" type="stmt"/>
      <line num="97" count="2" type="cond" truecount="1" falsecount="1"/>
      <line num="98" count="2" type="stmt"/>
      <line num="99" count="0" type="cond" truecount="0" falsecount="2"/>
      <line num="100" count="0" type="stmt"/>
      <line num="101" count="0" type="cond" truecount="0" falsecount="2"/>
      <line num="102" count="0" type="stmt"/>
    </file>
    <file name="utils.ts" path="/Users/morganparry/repos/interviewPrep/src/robots/utils.ts">
      <metrics statements="52" coveredstatements="52" conditionals="24" coveredconditionals="24" methods="7" coveredmethods="7"/>
      <line num="6" count="1" type="stmt"/>
      <line num="7" count="1" type="stmt"/>
      <line num="12" count="1" type="stmt"/>
      <line num="15" count="1" type="stmt"/>
      <line num="16" count="7" type="stmt"/>
      <line num="17" count="7" type="cond" truecount="2" falsecount="0"/>
      <line num="18" count="1" type="stmt"/>
      <line num="25" count="6" type="stmt"/>
      <line num="33" count="1" type="stmt"/>
      <line num="34" count="7" type="stmt"/>
      <line num="35" count="7" type="cond" truecount="4" falsecount="0"/>
      <line num="36" count="1" type="stmt"/>
      <line num="38" count="6" type="stmt"/>
      <line num="42" count="1" type="stmt"/>
      <line num="49" count="1" type="stmt"/>
      <line num="51" count="5" type="stmt"/>
      <line num="53" count="5" type="cond" truecount="2" falsecount="0"/>
      <line num="54" count="1" type="stmt"/>
      <line num="55" count="1" type="stmt"/>
      <line num="57" count="4" type="stmt"/>
      <line num="60" count="4" type="cond" truecount="2" falsecount="0"/>
      <line num="61" count="1" type="stmt"/>
      <line num="62" count="1" type="stmt"/>
      <line num="65" count="3" type="stmt"/>
      <line num="66" count="3" type="stmt"/>
      <line num="68" count="3" type="stmt"/>
      <line num="79" count="7" type="stmt"/>
      <line num="81" count="1" type="stmt"/>
      <line num="82" count="7" type="stmt"/>
      <line num="84" count="7" type="cond" truecount="2" falsecount="0"/>
      <line num="85" count="1" type="stmt"/>
      <line num="86" count="1" type="stmt"/>
      <line num="89" count="6" type="stmt"/>
      <line num="90" count="6" type="cond" truecount="2" falsecount="0"/>
      <line num="91" count="1" type="stmt"/>
      <line num="92" count="1" type="stmt"/>
      <line num="95" count="5" type="stmt"/>
      <line num="97" count="5" type="stmt"/>
      <line num="99" count="5" type="cond" truecount="2" falsecount="0"/>
      <line num="105" count="1" type="stmt"/>
      <line num="106" count="1" type="stmt"/>
      <line num="109" count="4" type="stmt"/>
      <line num="115" count="1" type="stmt"/>
      <line num="117" count="1" type="stmt"/>
      <line num="118" count="5" type="stmt"/>
      <line num="119" count="5" type="cond" truecount="2" falsecount="0"/>
      <line num="120" count="1" type="stmt"/>
      <line num="121" count="1" type="stmt"/>
      <line num="124" count="4" type="cond" truecount="2" falsecount="0"/>
      <line num="125" count="1" type="stmt"/>
      <line num="126" count="1" type="stmt"/>
      <line num="129" count="3" type="stmt"/>
    </file>
  </project>
</coverage>
