{"/Users/morganparry/repos/interviewPrep/src/robots/prompt.ts": {"path":"/Users/morganparry/repos/interviewPrep/src/robots/prompt.ts","statementMap":{"0":{"start":{"line":4,"column":22},"end":{"line":4,"column":null}}},"fnMap":{},"branchMap":{},"s":{"0":1},"f":{},"b":{}}
,"/Users/morganparry/repos/interviewPrep/src/robots/service.ts": {"path":"/Users/morganparry/repos/interviewPrep/src/robots/service.ts","statementMap":{"0":{"start":{"line":6,"column":15},"end":{"line":6,"column":null}},"1":{"start":{"line":7,"column":15},"end":{"line":7,"column":null}},"2":{"start":{"line":8,"column":15},"end":{"line":8,"column":null}},"3":{"start":{"line":9,"column":15},"end":{"line":9,"column":null}},"4":{"start":{"line":10,"column":15},"end":{"line":10,"column":null}},"5":{"start":{"line":12,"column":8},"end":{"line":12,"column":null}},"6":{"start":{"line":13,"column":8},"end":{"line":13,"column":null}},"7":{"start":{"line":14,"column":8},"end":{"line":14,"column":null}},"8":{"start":{"line":15,"column":8},"end":{"line":15,"column":null}},"9":{"start":{"line":23,"column":8},"end":{"line":36,"column":null}},"10":{"start":{"line":23,"column":21},"end":{"line":23,"column":24}},"11":{"start":{"line":24,"column":28},"end":{"line":24,"column":null}},"12":{"start":{"line":25,"column":12},"end":{"line":31,"column":null}},"13":{"start":{"line":26,"column":16},"end":{"line":26,"column":null}},"14":{"start":{"line":27,"column":12},"end":{"line":31,"column":null}},"15":{"start":{"line":28,"column":16},"end":{"line":28,"column":null}},"16":{"start":{"line":29,"column":12},"end":{"line":31,"column":null}},"17":{"start":{"line":30,"column":16},"end":{"line":30,"column":null}},"18":{"start":{"line":32,"column":12},"end":{"line":35,"column":null}},"19":{"start":{"line":33,"column":16},"end":{"line":33,"column":null}},"20":{"start":{"line":34,"column":16},"end":{"line":34,"column":null}},"21":{"start":{"line":42,"column":8},"end":{"line":42,"column":null}},"22":{"start":{"line":49,"column":8},"end":{"line":57,"column":null}},"23":{"start":{"line":50,"column":12},"end":{"line":50,"column":null}},"24":{"start":{"line":51,"column":8},"end":{"line":57,"column":null}},"25":{"start":{"line":52,"column":12},"end":{"line":52,"column":null}},"26":{"start":{"line":53,"column":8},"end":{"line":57,"column":null}},"27":{"start":{"line":54,"column":12},"end":{"line":54,"column":null}},"28":{"start":{"line":55,"column":8},"end":{"line":57,"column":null}},"29":{"start":{"line":56,"column":12},"end":{"line":56,"column":null}},"30":{"start":{"line":62,"column":8},"end":{"line":65,"column":null}},"31":{"start":{"line":63,"column":12},"end":{"line":63,"column":null}},"32":{"start":{"line":64,"column":12},"end":{"line":64,"column":null}},"33":{"start":{"line":71,"column":12},"end":{"line":71,"column":null}},"34":{"start":{"line":72,"column":12},"end":{"line":72,"column":null}},"35":{"start":{"line":73,"column":12},"end":{"line":73,"column":null}},"36":{"start":{"line":74,"column":12},"end":{"line":74,"column":null}},"37":{"start":{"line":81,"column":8},"end":{"line":89,"column":null}},"38":{"start":{"line":82,"column":12},"end":{"line":82,"column":null}},"39":{"start":{"line":83,"column":8},"end":{"line":89,"column":null}},"40":{"start":{"line":84,"column":12},"end":{"line":84,"column":null}},"41":{"start":{"line":85,"column":8},"end":{"line":89,"column":null}},"42":{"start":{"line":86,"column":12},"end":{"line":86,"column":null}},"43":{"start":{"line":87,"column":8},"end":{"line":89,"column":null}},"44":{"start":{"line":88,"column":12},"end":{"line":88,"column":null}},"45":{"start":{"line":95,"column":8},"end":{"line":103,"column":null}},"46":{"start":{"line":96,"column":12},"end":{"line":96,"column":null}},"47":{"start":{"line":97,"column":8},"end":{"line":103,"column":null}},"48":{"start":{"line":98,"column":12},"end":{"line":98,"column":null}},"49":{"start":{"line":99,"column":8},"end":{"line":103,"column":null}},"50":{"start":{"line":100,"column":12},"end":{"line":100,"column":null}},"51":{"start":{"line":101,"column":8},"end":{"line":103,"column":null}},"52":{"start":{"line":102,"column":12},"end":{"line":102,"column":null}}},"fnMap":{"0":{"name":"(anonymous_0)","decl":{"start":{"line":5,"column":4},"end":{"line":5,"column":null}},"loc":{"start":{"line":11,"column":6},"end":{"line":16,"column":null}}},"1":{"name":"(anonymous_1)","decl":{"start":{"line":21,"column":11},"end":{"line":21,"column":21}},"loc":{"start":{"line":21,"column":44},"end":{"line":37,"column":null}}},"2":{"name":"(anonymous_2)","decl":{"start":{"line":41,"column":11},"end":{"line":41,"column":32}},"loc":{"start":{"line":41,"column":32},"end":{"line":43,"column":null}}},"3":{"name":"(anonymous_3)","decl":{"start":{"line":47,"column":12},"end":{"line":47,"column":27}},"loc":{"start":{"line":47,"column":27},"end":{"line":58,"column":null}}},"4":{"name":"(anonymous_4)","decl":{"start":{"line":60,"column":12},"end":{"line":60,"column":32}},"loc":{"start":{"line":60,"column":32},"end":{"line":66,"column":null}}},"5":{"name":"(anonymous_5)","decl":{"start":{"line":70,"column":12},"end":{"line":70,"column":36}},"loc":{"start":{"line":70,"column":36},"end":{"line":75,"column":null}}},"6":{"name":"(anonymous_6)","decl":{"start":{"line":80,"column":12},"end":{"line":80,"column":25}},"loc":{"start":{"line":80,"column":25},"end":{"line":90,"column":null}}},"7":{"name":"(anonymous_7)","decl":{"start":{"line":94,"column":12},"end":{"line":94,"column":24}},"loc":{"start":{"line":94,"column":24},"end":{"line":104,"column":null}}}},"branchMap":{"0":{"loc":{"start":{"line":25,"column":12},"end":{"line":31,"column":null}},"type":"if","locations":[{"start":{"line":25,"column":12},"end":{"line":31,"column":null}},{"start":{"line":27,"column":12},"end":{"line":31,"column":null}}]},"1":{"loc":{"start":{"line":27,"column":12},"end":{"line":31,"column":null}},"type":"if","locations":[{"start":{"line":27,"column":12},"end":{"line":31,"column":null}},{"start":{"line":29,"column":12},"end":{"line":31,"column":null}}]},"2":{"loc":{"start":{"line":29,"column":12},"end":{"line":31,"column":null}},"type":"if","locations":[{"start":{"line":29,"column":12},"end":{"line":31,"column":null}},{"start":{"line":29,"column":12},"end":{"line":31,"column":null}}]},"3":{"loc":{"start":{"line":32,"column":12},"end":{"line":35,"column":null}},"type":"if","locations":[{"start":{"line":32,"column":12},"end":{"line":35,"column":null}},{"start":{"line":32,"column":12},"end":{"line":35,"column":null}}]},"4":{"loc":{"start":{"line":42,"column":66},"end":{"line":42,"column":92}},"type":"cond-expr","locations":[{"start":{"line":42,"column":78},"end":{"line":42,"column":88}},{"start":{"line":42,"column":88},"end":{"line":42,"column":92}}]},"5":{"loc":{"start":{"line":49,"column":8},"end":{"line":57,"column":null}},"type":"if","locations":[{"start":{"line":49,"column":8},"end":{"line":57,"column":null}},{"start":{"line":51,"column":8},"end":{"line":57,"column":null}}]},"6":{"loc":{"start":{"line":50,"column":21},"end":{"line":50,"column":null}},"type":"cond-expr","locations":[{"start":{"line":50,"column":46},"end":{"line":50,"column":62}},{"start":{"line":50,"column":62},"end":{"line":50,"column":null}}]},"7":{"loc":{"start":{"line":51,"column":8},"end":{"line":57,"column":null}},"type":"if","locations":[{"start":{"line":51,"column":8},"end":{"line":57,"column":null}},{"start":{"line":53,"column":8},"end":{"line":57,"column":null}}]},"8":{"loc":{"start":{"line":52,"column":21},"end":{"line":52,"column":null}},"type":"cond-expr","locations":[{"start":{"line":52,"column":46},"end":{"line":52,"column":62}},{"start":{"line":52,"column":62},"end":{"line":52,"column":null}}]},"9":{"loc":{"start":{"line":53,"column":8},"end":{"line":57,"column":null}},"type":"if","locations":[{"start":{"line":53,"column":8},"end":{"line":57,"column":null}},{"start":{"line":55,"column":8},"end":{"line":57,"column":null}}]},"10":{"loc":{"start":{"line":54,"column":21},"end":{"line":54,"column":null}},"type":"cond-expr","locations":[{"start":{"line":54,"column":34},"end":{"line":54,"column":38}},{"start":{"line":54,"column":38},"end":{"line":54,"column":null}}]},"11":{"loc":{"start":{"line":55,"column":8},"end":{"line":57,"column":null}},"type":"if","locations":[{"start":{"line":55,"column":8},"end":{"line":57,"column":null}},{"start":{"line":55,"column":8},"end":{"line":57,"column":null}}]},"12":{"loc":{"start":{"line":56,"column":21},"end":{"line":56,"column":null}},"type":"cond-expr","locations":[{"start":{"line":56,"column":34},"end":{"line":56,"column":38}},{"start":{"line":56,"column":38},"end":{"line":56,"column":null}}]},"13":{"loc":{"start":{"line":62,"column":8},"end":{"line":65,"column":null}},"type":"if","locations":[{"start":{"line":62,"column":8},"end":{"line":65,"column":null}},{"start":{"line":62,"column":8},"end":{"line":65,"column":null}}]},"14":{"loc":{"start":{"line":62,"column":12},"end":{"line":62,"column":90}},"type":"binary-expr","locations":[{"start":{"line":62,"column":12},"end":{"line":62,"column":38}},{"start":{"line":62,"column":38},"end":{"line":62,"column":52}},{"start":{"line":62,"column":52},"end":{"line":62,"column":78}},{"start":{"line":62,"column":78},"end":{"line":62,"column":90}}]},"15":{"loc":{"start":{"line":71,"column":21},"end":{"line":71,"column":null}},"type":"cond-expr","locations":[{"start":{"line":71,"column":34},"end":{"line":71,"column":38}},{"start":{"line":71,"column":38},"end":{"line":71,"column":null}}]},"16":{"loc":{"start":{"line":72,"column":21},"end":{"line":72,"column":null}},"type":"cond-expr","locations":[{"start":{"line":72,"column":46},"end":{"line":72,"column":62}},{"start":{"line":72,"column":62},"end":{"line":72,"column":null}}]},"17":{"loc":{"start":{"line":73,"column":21},"end":{"line":73,"column":null}},"type":"cond-expr","locations":[{"start":{"line":73,"column":34},"end":{"line":73,"column":38}},{"start":{"line":73,"column":38},"end":{"line":73,"column":null}}]},"18":{"loc":{"start":{"line":74,"column":21},"end":{"line":74,"column":null}},"type":"cond-expr","locations":[{"start":{"line":74,"column":46},"end":{"line":74,"column":62}},{"start":{"line":74,"column":62},"end":{"line":74,"column":null}}]},"19":{"loc":{"start":{"line":81,"column":8},"end":{"line":89,"column":null}},"type":"if","locations":[{"start":{"line":81,"column":8},"end":{"line":89,"column":null}},{"start":{"line":83,"column":8},"end":{"line":89,"column":null}}]},"20":{"loc":{"start":{"line":83,"column":8},"end":{"line":89,"column":null}},"type":"if","locations":[{"start":{"line":83,"column":8},"end":{"line":89,"column":null}},{"start":{"line":85,"column":8},"end":{"line":89,"column":null}}]},"21":{"loc":{"start":{"line":85,"column":8},"end":{"line":89,"column":null}},"type":"if","locations":[{"start":{"line":85,"column":8},"end":{"line":89,"column":null}},{"start":{"line":87,"column":8},"end":{"line":89,"column":null}}]},"22":{"loc":{"start":{"line":87,"column":8},"end":{"line":89,"column":null}},"type":"if","locations":[{"start":{"line":87,"column":8},"end":{"line":89,"column":null}},{"start":{"line":87,"column":8},"end":{"line":89,"column":null}}]},"23":{"loc":{"start":{"line":95,"column":8},"end":{"line":103,"column":null}},"type":"if","locations":[{"start":{"line":95,"column":8},"end":{"line":103,"column":null}},{"start":{"line":97,"column":8},"end":{"line":103,"column":null}}]},"24":{"loc":{"start":{"line":97,"column":8},"end":{"line":103,"column":null}},"type":"if","locations":[{"start":{"line":97,"column":8},"end":{"line":103,"column":null}},{"start":{"line":99,"column":8},"end":{"line":103,"column":null}}]},"25":{"loc":{"start":{"line":99,"column":8},"end":{"line":103,"column":null}},"type":"if","locations":[{"start":{"line":99,"column":8},"end":{"line":103,"column":null}},{"start":{"line":101,"column":8},"end":{"line":103,"column":null}}]},"26":{"loc":{"start":{"line":101,"column":8},"end":{"line":103,"column":null}},"type":"if","locations":[{"start":{"line":101,"column":8},"end":{"line":103,"column":null}},{"start":{"line":101,"column":8},"end":{"line":103,"column":null}}]}},"s":{"0":11,"1":11,"2":11,"3":11,"4":11,"5":11,"6":11,"7":11,"8":11,"9":10,"10":10,"11":21,"12":21,"13":15,"14":6,"15":3,"16":3,"17":3,"18":21,"19":6,"20":6,"21":4,"22":15,"23":8,"24":7,"25":2,"26":5,"27":2,"28":3,"29":3,"30":21,"31":6,"32":6,"33":6,"34":6,"35":6,"36":6,"37":3,"38":3,"39":0,"40":0,"41":0,"42":0,"43":0,"44":0,"45":3,"46":1,"47":2,"48":2,"49":0,"50":0,"51":0,"52":0},"f":{"0":11,"1":10,"2":4,"3":15,"4":21,"5":6,"6":3,"7":3},"b":{"0":[15,6],"1":[3,3],"2":[3,0],"3":[6,15],"4":[3,1],"5":[8,7],"6":[0,8],"7":[2,5],"8":[0,2],"9":[2,3],"10":[0,2],"11":[3,0],"12":[0,3],"13":[6,15],"14":[21,21,18,17],"15":[3,3],"16":[0,6],"17":[2,4],"18":[1,5],"19":[3,0],"20":[0,0],"21":[0,0],"22":[0,0],"23":[1,2],"24":[2,0],"25":[0,0],"26":[0,0]}}
,"/Users/morganparry/repos/interviewPrep/src/robots/utils.ts": {"path":"/Users/morganparry/repos/interviewPrep/src/robots/utils.ts","statementMap":{"0":{"start":{"line":6,"column":29},"end":{"line":13,"column":null}},"1":{"start":{"line":7,"column":4},"end":{"line":11,"column":null}},"2":{"start":{"line":12,"column":4},"end":{"line":12,"column":null}},"3":{"start":{"line":15,"column":36},"end":{"line":31,"column":null}},"4":{"start":{"line":16,"column":22},"end":{"line":16,"column":null}},"5":{"start":{"line":17,"column":4},"end":{"line":23,"column":null}},"6":{"start":{"line":18,"column":8},"end":{"line":22,"column":null}},"7":{"start":{"line":25,"column":4},"end":{"line":29,"column":null}},"8":{"start":{"line":33,"column":27},"end":{"line":39,"column":null}},"9":{"start":{"line":34,"column":21},"end":{"line":34,"column":null}},"10":{"start":{"line":35,"column":4},"end":{"line":37,"column":null}},"11":{"start":{"line":36,"column":8},"end":{"line":36,"column":null}},"12":{"start":{"line":38,"column":4},"end":{"line":38,"column":null}},"13":{"start":{"line":42,"column":23},"end":{"line":42,"column":null}},"14":{"start":{"line":49,"column":29},"end":{"line":77,"column":null}},"15":{"start":{"line":51,"column":19},"end":{"line":51,"column":null}},"16":{"start":{"line":53,"column":4},"end":{"line":56,"column":null}},"17":{"start":{"line":54,"column":8},"end":{"line":54,"column":null}},"18":{"start":{"line":55,"column":8},"end":{"line":55,"column":null}},"19":{"start":{"line":57,"column":22},"end":{"line":57,"column":null}},"20":{"start":{"line":60,"column":4},"end":{"line":63,"column":null}},"21":{"start":{"line":61,"column":8},"end":{"line":61,"column":null}},"22":{"start":{"line":62,"column":8},"end":{"line":62,"column":null}},"23":{"start":{"line":65,"column":14},"end":{"line":65,"column":null}},"24":{"start":{"line":66,"column":14},"end":{"line":66,"column":null}},"25":{"start":{"line":69,"column":4},"end":{"line":71,"column":null}},"26":{"start":{"line":70,"column":8},"end":{"line":70,"column":null}},"27":{"start":{"line":73,"column":4},"end":{"line":76,"column":null}},"28":{"start":{"line":84,"column":32},"end":{"line":84,"column":null}},"29":{"start":{"line":84,"column":51},"end":{"line":84,"column":null}},"30":{"start":{"line":86,"column":49},"end":{"line":118,"column":null}},"31":{"start":{"line":87,"column":38},"end":{"line":87,"column":null}},"32":{"start":{"line":89,"column":8},"end":{"line":92,"column":null}},"33":{"start":{"line":90,"column":12},"end":{"line":90,"column":null}},"34":{"start":{"line":91,"column":12},"end":{"line":91,"column":null}},"35":{"start":{"line":94,"column":24},"end":{"line":94,"column":null}},"36":{"start":{"line":95,"column":8},"end":{"line":98,"column":null}},"37":{"start":{"line":96,"column":12},"end":{"line":96,"column":null}},"38":{"start":{"line":97,"column":12},"end":{"line":97,"column":null}},"39":{"start":{"line":100,"column":32},"end":{"line":100,"column":null}},"40":{"start":{"line":102,"column":23},"end":{"line":102,"column":null}},"41":{"start":{"line":104,"column":8},"end":{"line":112,"column":null}},"42":{"start":{"line":110,"column":12},"end":{"line":110,"column":null}},"43":{"start":{"line":111,"column":12},"end":{"line":111,"column":null}},"44":{"start":{"line":114,"column":4},"end":{"line":117,"column":null}},"45":{"start":{"line":120,"column":30},"end":{"line":120,"column":null}},"46":{"start":{"line":122,"column":35},"end":{"line":135,"column":null}},"47":{"start":{"line":123,"column":25},"end":{"line":123,"column":null}},"48":{"start":{"line":124,"column":4},"end":{"line":127,"column":null}},"49":{"start":{"line":125,"column":8},"end":{"line":125,"column":null}},"50":{"start":{"line":126,"column":8},"end":{"line":126,"column":null}},"51":{"start":{"line":129,"column":4},"end":{"line":132,"column":null}},"52":{"start":{"line":130,"column":8},"end":{"line":130,"column":null}},"53":{"start":{"line":131,"column":8},"end":{"line":131,"column":null}},"54":{"start":{"line":134,"column":4},"end":{"line":134,"column":null}}},"fnMap":{"0":{"name":"(anonymous_0)","decl":{"start":{"line":6,"column":29},"end":{"line":6,"column":35}},"loc":{"start":{"line":6,"column":35},"end":{"line":13,"column":null}}},"1":{"name":"(anonymous_1)","decl":{"start":{"line":15,"column":36},"end":{"line":15,"column":37}},"loc":{"start":{"line":15,"column":77},"end":{"line":31,"column":null}}},"2":{"name":"(anonymous_2)","decl":{"start":{"line":33,"column":27},"end":{"line":33,"column":28}},"loc":{"start":{"line":33,"column":68},"end":{"line":39,"column":null}}},"3":{"name":"(anonymous_3)","decl":{"start":{"line":49,"column":29},"end":{"line":49,"column":56}},"loc":{"start":{"line":49,"column":56},"end":{"line":77,"column":null}}},"4":{"name":"(anonymous_4)","decl":{"start":{"line":84,"column":32},"end":{"line":84,"column":33}},"loc":{"start":{"line":84,"column":51},"end":{"line":84,"column":null}}},"5":{"name":"(anonymous_5)","decl":{"start":{"line":86,"column":49},"end":{"line":86,"column":50}},"loc":{"start":{"line":86,"column":105},"end":{"line":118,"column":null}}},"6":{"name":"(anonymous_6)","decl":{"start":{"line":122,"column":35},"end":{"line":122,"column":49}},"loc":{"start":{"line":122,"column":49},"end":{"line":135,"column":null}}}},"branchMap":{"0":{"loc":{"start":{"line":17,"column":4},"end":{"line":23,"column":null}},"type":"if","locations":[{"start":{"line":17,"column":4},"end":{"line":23,"column":null}},{"start":{"line":17,"column":4},"end":{"line":23,"column":null}}]},"1":{"loc":{"start":{"line":35,"column":4},"end":{"line":37,"column":null}},"type":"if","locations":[{"start":{"line":35,"column":4},"end":{"line":37,"column":null}},{"start":{"line":35,"column":4},"end":{"line":37,"column":null}}]},"2":{"loc":{"start":{"line":53,"column":4},"end":{"line":56,"column":null}},"type":"if","locations":[{"start":{"line":53,"column":4},"end":{"line":56,"column":null}},{"start":{"line":53,"column":4},"end":{"line":56,"column":null}}]},"3":{"loc":{"start":{"line":60,"column":4},"end":{"line":63,"column":null}},"type":"if","locations":[{"start":{"line":60,"column":4},"end":{"line":63,"column":null}},{"start":{"line":60,"column":4},"end":{"line":63,"column":null}}]},"4":{"loc":{"start":{"line":69,"column":4},"end":{"line":71,"column":null}},"type":"if","locations":[{"start":{"line":69,"column":4},"end":{"line":71,"column":null}},{"start":{"line":69,"column":4},"end":{"line":71,"column":null}}]},"5":{"loc":{"start":{"line":69,"column":7},"end":{"line":69,"column":29}},"type":"binary-expr","locations":[{"start":{"line":69,"column":7},"end":{"line":69,"column":19}},{"start":{"line":69,"column":19},"end":{"line":69,"column":29}}]},"6":{"loc":{"start":{"line":89,"column":8},"end":{"line":92,"column":null}},"type":"if","locations":[{"start":{"line":89,"column":8},"end":{"line":92,"column":null}},{"start":{"line":89,"column":8},"end":{"line":92,"column":null}}]},"7":{"loc":{"start":{"line":95,"column":8},"end":{"line":98,"column":null}},"type":"if","locations":[{"start":{"line":95,"column":8},"end":{"line":98,"column":null}},{"start":{"line":95,"column":8},"end":{"line":98,"column":null}}]},"8":{"loc":{"start":{"line":104,"column":8},"end":{"line":112,"column":null}},"type":"if","locations":[{"start":{"line":104,"column":8},"end":{"line":112,"column":null}},{"start":{"line":104,"column":8},"end":{"line":112,"column":null}}]},"9":{"loc":{"start":{"line":105,"column":13},"end":{"line":108,"column":null}},"type":"binary-expr","locations":[{"start":{"line":105,"column":13},"end":{"line":105,"column":null}},{"start":{"line":106,"column":13},"end":{"line":106,"column":null}},{"start":{"line":107,"column":12},"end":{"line":107,"column":null}},{"start":{"line":108,"column":12},"end":{"line":108,"column":null}}]},"10":{"loc":{"start":{"line":124,"column":4},"end":{"line":127,"column":null}},"type":"if","locations":[{"start":{"line":124,"column":4},"end":{"line":127,"column":null}},{"start":{"line":124,"column":4},"end":{"line":127,"column":null}}]},"11":{"loc":{"start":{"line":129,"column":4},"end":{"line":132,"column":null}},"type":"if","locations":[{"start":{"line":129,"column":4},"end":{"line":132,"column":null}},{"start":{"line":129,"column":4},"end":{"line":132,"column":null}}]}},"s":{"0":1,"1":0,"2":0,"3":1,"4":2,"5":2,"6":0,"7":2,"8":1,"9":2,"10":2,"11":0,"12":2,"13":1,"14":1,"15":1,"16":1,"17":0,"18":0,"19":1,"20":1,"21":0,"22":0,"23":1,"24":1,"25":1,"26":0,"27":1,"28":1,"29":1,"30":1,"31":1,"32":1,"33":0,"34":0,"35":1,"36":1,"37":0,"38":0,"39":1,"40":1,"41":1,"42":0,"43":0,"44":1,"45":1,"46":1,"47":1,"48":1,"49":0,"50":0,"51":1,"52":0,"53":0,"54":1},"f":{"0":0,"1":2,"2":2,"3":1,"4":1,"5":1,"6":1},"b":{"0":[0,2],"1":[0,2],"2":[0,1],"3":[0,1],"4":[0,1],"5":[1,1],"6":[0,1],"7":[0,1],"8":[0,1],"9":[1,1,1,1],"10":[0,1],"11":[0,1]}}
}
