{"/Users/morganparry/repos/interviewPrep/src/robots/prompt.ts": {"path":"/Users/morganparry/repos/interviewPrep/src/robots/prompt.ts","statementMap":{"0":{"start":{"line":4,"column":22},"end":{"line":4,"column":null}}},"fnMap":{},"branchMap":{},"s":{"0":2},"f":{},"b":{}}
,"/Users/morganparry/repos/interviewPrep/src/robots/robots.ts": {"path":"/Users/morganparry/repos/interviewPrep/src/robots/robots.ts","statementMap":{"0":{"start":{"line":7,"column":20},"end":{"line":31,"column":null}},"1":{"start":{"line":9,"column":4},"end":{"line":9,"column":null}},"2":{"start":{"line":12,"column":21},"end":{"line":12,"column":null}},"3":{"start":{"line":15,"column":27},"end":{"line":15,"column":null}},"4":{"start":{"line":18,"column":4},"end":{"line":30,"column":null}},"5":{"start":{"line":18,"column":17},"end":{"line":18,"column":20}},"6":{"start":{"line":23,"column":12},"end":{"line":23,"column":null}},"7":{"start":{"line":25,"column":22},"end":{"line":25,"column":null}},"8":{"start":{"line":27,"column":8},"end":{"line":27,"column":null}},"9":{"start":{"line":29,"column":8},"end":{"line":29,"column":null}}},"fnMap":{"0":{"name":"(anonymous_0)","decl":{"start":{"line":7,"column":20},"end":{"line":7,"column":26}},"loc":{"start":{"line":7,"column":26},"end":{"line":31,"column":null}}}},"branchMap":{},"s":{"0":1,"1":1,"2":1,"3":1,"4":1,"5":1,"6":2,"7":2,"8":2,"9":2},"f":{"0":1},"b":{}}
,"/Users/morganparry/repos/interviewPrep/src/robots/service.ts": {"path":"/Users/morganparry/repos/interviewPrep/src/robots/service.ts","statementMap":{"0":{"start":{"line":6,"column":15},"end":{"line":6,"column":null}},"1":{"start":{"line":7,"column":15},"end":{"line":7,"column":null}},"2":{"start":{"line":8,"column":15},"end":{"line":8,"column":null}},"3":{"start":{"line":9,"column":15},"end":{"line":9,"column":null}},"4":{"start":{"line":10,"column":15},"end":{"line":10,"column":null}},"5":{"start":{"line":12,"column":8},"end":{"line":12,"column":null}},"6":{"start":{"line":13,"column":8},"end":{"line":13,"column":null}},"7":{"start":{"line":14,"column":8},"end":{"line":14,"column":null}},"8":{"start":{"line":15,"column":8},"end":{"line":15,"column":null}},"9":{"start":{"line":23,"column":8},"end":{"line":36,"column":null}},"10":{"start":{"line":23,"column":21},"end":{"line":23,"column":24}},"11":{"start":{"line":24,"column":28},"end":{"line":24,"column":null}},"12":{"start":{"line":25,"column":12},"end":{"line":31,"column":null}},"13":{"start":{"line":26,"column":16},"end":{"line":26,"column":null}},"14":{"start":{"line":27,"column":12},"end":{"line":31,"column":null}},"15":{"start":{"line":28,"column":16},"end":{"line":28,"column":null}},"16":{"start":{"line":29,"column":12},"end":{"line":31,"column":null}},"17":{"start":{"line":30,"column":16},"end":{"line":30,"column":null}},"18":{"start":{"line":32,"column":12},"end":{"line":35,"column":null}},"19":{"start":{"line":33,"column":16},"end":{"line":33,"column":null}},"20":{"start":{"line":34,"column":16},"end":{"line":34,"column":null}},"21":{"start":{"line":42,"column":8},"end":{"line":42,"column":null}},"22":{"start":{"line":50,"column":8},"end":{"line":58,"column":null}},"23":{"start":{"line":51,"column":12},"end":{"line":51,"column":null}},"24":{"start":{"line":52,"column":8},"end":{"line":58,"column":null}},"25":{"start":{"line":53,"column":12},"end":{"line":53,"column":null}},"26":{"start":{"line":54,"column":8},"end":{"line":58,"column":null}},"27":{"start":{"line":55,"column":12},"end":{"line":55,"column":null}},"28":{"start":{"line":56,"column":8},"end":{"line":58,"column":null}},"29":{"start":{"line":57,"column":12},"end":{"line":57,"column":null}},"30":{"start":{"line":67,"column":8},"end":{"line":70,"column":null}},"31":{"start":{"line":68,"column":12},"end":{"line":68,"column":null}},"32":{"start":{"line":69,"column":12},"end":{"line":69,"column":null}},"33":{"start":{"line":77,"column":12},"end":{"line":77,"column":null}},"34":{"start":{"line":78,"column":12},"end":{"line":78,"column":null}},"35":{"start":{"line":79,"column":12},"end":{"line":79,"column":null}},"36":{"start":{"line":80,"column":12},"end":{"line":80,"column":null}},"37":{"start":{"line":88,"column":8},"end":{"line":96,"column":null}},"38":{"start":{"line":89,"column":12},"end":{"line":89,"column":null}},"39":{"start":{"line":90,"column":8},"end":{"line":96,"column":null}},"40":{"start":{"line":91,"column":12},"end":{"line":91,"column":null}},"41":{"start":{"line":92,"column":8},"end":{"line":96,"column":null}},"42":{"start":{"line":93,"column":12},"end":{"line":93,"column":null}},"43":{"start":{"line":94,"column":8},"end":{"line":96,"column":null}},"44":{"start":{"line":95,"column":12},"end":{"line":95,"column":null}},"45":{"start":{"line":103,"column":8},"end":{"line":111,"column":null}},"46":{"start":{"line":104,"column":12},"end":{"line":104,"column":null}},"47":{"start":{"line":105,"column":8},"end":{"line":111,"column":null}},"48":{"start":{"line":106,"column":12},"end":{"line":106,"column":null}},"49":{"start":{"line":107,"column":8},"end":{"line":111,"column":null}},"50":{"start":{"line":108,"column":12},"end":{"line":108,"column":null}},"51":{"start":{"line":109,"column":8},"end":{"line":111,"column":null}},"52":{"start":{"line":110,"column":12},"end":{"line":110,"column":null}}},"fnMap":{"0":{"name":"(anonymous_0)","decl":{"start":{"line":5,"column":4},"end":{"line":5,"column":null}},"loc":{"start":{"line":11,"column":6},"end":{"line":16,"column":null}}},"1":{"name":"(anonymous_1)","decl":{"start":{"line":21,"column":11},"end":{"line":21,"column":21}},"loc":{"start":{"line":21,"column":44},"end":{"line":37,"column":null}}},"2":{"name":"(anonymous_2)","decl":{"start":{"line":41,"column":11},"end":{"line":41,"column":32}},"loc":{"start":{"line":41,"column":32},"end":{"line":43,"column":null}}},"3":{"name":"(anonymous_3)","decl":{"start":{"line":48,"column":12},"end":{"line":48,"column":27}},"loc":{"start":{"line":48,"column":27},"end":{"line":59,"column":null}}},"4":{"name":"(anonymous_4)","decl":{"start":{"line":65,"column":12},"end":{"line":65,"column":32}},"loc":{"start":{"line":65,"column":32},"end":{"line":71,"column":null}}},"5":{"name":"(anonymous_5)","decl":{"start":{"line":76,"column":12},"end":{"line":76,"column":36}},"loc":{"start":{"line":76,"column":36},"end":{"line":81,"column":null}}},"6":{"name":"(anonymous_6)","decl":{"start":{"line":87,"column":12},"end":{"line":87,"column":25}},"loc":{"start":{"line":87,"column":25},"end":{"line":97,"column":null}}},"7":{"name":"(anonymous_7)","decl":{"start":{"line":102,"column":12},"end":{"line":102,"column":24}},"loc":{"start":{"line":102,"column":24},"end":{"line":112,"column":null}}}},"branchMap":{"0":{"loc":{"start":{"line":25,"column":12},"end":{"line":31,"column":null}},"type":"if","locations":[{"start":{"line":25,"column":12},"end":{"line":31,"column":null}},{"start":{"line":27,"column":12},"end":{"line":31,"column":null}}]},"1":{"loc":{"start":{"line":27,"column":12},"end":{"line":31,"column":null}},"type":"if","locations":[{"start":{"line":27,"column":12},"end":{"line":31,"column":null}},{"start":{"line":29,"column":12},"end":{"line":31,"column":null}}]},"2":{"loc":{"start":{"line":29,"column":12},"end":{"line":31,"column":null}},"type":"if","locations":[{"start":{"line":29,"column":12},"end":{"line":31,"column":null}},{"start":{"line":29,"column":12},"end":{"line":31,"column":null}}]},"3":{"loc":{"start":{"line":32,"column":12},"end":{"line":35,"column":null}},"type":"if","locations":[{"start":{"line":32,"column":12},"end":{"line":35,"column":null}},{"start":{"line":32,"column":12},"end":{"line":35,"column":null}}]},"4":{"loc":{"start":{"line":42,"column":66},"end":{"line":42,"column":92}},"type":"cond-expr","locations":[{"start":{"line":42,"column":78},"end":{"line":42,"column":88}},{"start":{"line":42,"column":88},"end":{"line":42,"column":92}}]},"5":{"loc":{"start":{"line":50,"column":8},"end":{"line":58,"column":null}},"type":"if","locations":[{"start":{"line":50,"column":8},"end":{"line":58,"column":null}},{"start":{"line":52,"column":8},"end":{"line":58,"column":null}}]},"6":{"loc":{"start":{"line":52,"column":8},"end":{"line":58,"column":null}},"type":"if","locations":[{"start":{"line":52,"column":8},"end":{"line":58,"column":null}},{"start":{"line":54,"column":8},"end":{"line":58,"column":null}}]},"7":{"loc":{"start":{"line":54,"column":8},"end":{"line":58,"column":null}},"type":"if","locations":[{"start":{"line":54,"column":8},"end":{"line":58,"column":null}},{"start":{"line":56,"column":8},"end":{"line":58,"column":null}}]},"8":{"loc":{"start":{"line":56,"column":8},"end":{"line":58,"column":null}},"type":"if","locations":[{"start":{"line":56,"column":8},"end":{"line":58,"column":null}},{"start":{"line":56,"column":8},"end":{"line":58,"column":null}}]},"9":{"loc":{"start":{"line":67,"column":8},"end":{"line":70,"column":null}},"type":"if","locations":[{"start":{"line":67,"column":8},"end":{"line":70,"column":null}},{"start":{"line":67,"column":8},"end":{"line":70,"column":null}}]},"10":{"loc":{"start":{"line":67,"column":12},"end":{"line":67,"column":90}},"type":"binary-expr","locations":[{"start":{"line":67,"column":12},"end":{"line":67,"column":38}},{"start":{"line":67,"column":38},"end":{"line":67,"column":52}},{"start":{"line":67,"column":52},"end":{"line":67,"column":78}},{"start":{"line":67,"column":78},"end":{"line":67,"column":90}}]},"11":{"loc":{"start":{"line":77,"column":21},"end":{"line":77,"column":null}},"type":"cond-expr","locations":[{"start":{"line":77,"column":34},"end":{"line":77,"column":38}},{"start":{"line":77,"column":38},"end":{"line":77,"column":null}}]},"12":{"loc":{"start":{"line":78,"column":21},"end":{"line":78,"column":null}},"type":"cond-expr","locations":[{"start":{"line":78,"column":46},"end":{"line":78,"column":62}},{"start":{"line":78,"column":62},"end":{"line":78,"column":null}}]},"13":{"loc":{"start":{"line":79,"column":21},"end":{"line":79,"column":null}},"type":"cond-expr","locations":[{"start":{"line":79,"column":34},"end":{"line":79,"column":38}},{"start":{"line":79,"column":38},"end":{"line":79,"column":null}}]},"14":{"loc":{"start":{"line":80,"column":21},"end":{"line":80,"column":null}},"type":"cond-expr","locations":[{"start":{"line":80,"column":46},"end":{"line":80,"column":62}},{"start":{"line":80,"column":62},"end":{"line":80,"column":null}}]},"15":{"loc":{"start":{"line":88,"column":8},"end":{"line":96,"column":null}},"type":"if","locations":[{"start":{"line":88,"column":8},"end":{"line":96,"column":null}},{"start":{"line":90,"column":8},"end":{"line":96,"column":null}}]},"16":{"loc":{"start":{"line":90,"column":8},"end":{"line":96,"column":null}},"type":"if","locations":[{"start":{"line":90,"column":8},"end":{"line":96,"column":null}},{"start":{"line":92,"column":8},"end":{"line":96,"column":null}}]},"17":{"loc":{"start":{"line":92,"column":8},"end":{"line":96,"column":null}},"type":"if","locations":[{"start":{"line":92,"column":8},"end":{"line":96,"column":null}},{"start":{"line":94,"column":8},"end":{"line":96,"column":null}}]},"18":{"loc":{"start":{"line":94,"column":8},"end":{"line":96,"column":null}},"type":"if","locations":[{"start":{"line":94,"column":8},"end":{"line":96,"column":null}},{"start":{"line":94,"column":8},"end":{"line":96,"column":null}}]},"19":{"loc":{"start":{"line":103,"column":8},"end":{"line":111,"column":null}},"type":"if","locations":[{"start":{"line":103,"column":8},"end":{"line":111,"column":null}},{"start":{"line":105,"column":8},"end":{"line":111,"column":null}}]},"20":{"loc":{"start":{"line":105,"column":8},"end":{"line":111,"column":null}},"type":"if","locations":[{"start":{"line":105,"column":8},"end":{"line":111,"column":null}},{"start":{"line":107,"column":8},"end":{"line":111,"column":null}}]},"21":{"loc":{"start":{"line":107,"column":8},"end":{"line":111,"column":null}},"type":"if","locations":[{"start":{"line":107,"column":8},"end":{"line":111,"column":null}},{"start":{"line":109,"column":8},"end":{"line":111,"column":null}}]},"22":{"loc":{"start":{"line":109,"column":8},"end":{"line":111,"column":null}},"type":"if","locations":[{"start":{"line":109,"column":8},"end":{"line":111,"column":null}},{"start":{"line":109,"column":8},"end":{"line":111,"column":null}}]}},"s":{"0":19,"1":19,"2":19,"3":19,"4":19,"5":19,"6":19,"7":19,"8":19,"9":18,"10":18,"11":33,"12":33,"13":19,"14":14,"15":6,"16":8,"17":8,"18":33,"19":7,"20":7,"21":6,"22":19,"23":9,"24":10,"25":4,"26":6,"27":2,"28":4,"29":4,"30":33,"31":7,"32":7,"33":7,"34":7,"35":7,"36":7,"37":6,"38":3,"39":3,"40":1,"41":2,"42":1,"43":1,"44":1,"45":8,"46":3,"47":5,"48":3,"49":2,"50":1,"51":1,"52":1},"f":{"0":19,"1":18,"2":6,"3":19,"4":33,"5":7,"6":6,"7":8},"b":{"0":[19,14],"1":[6,8],"2":[8,0],"3":[7,26],"4":[4,2],"5":[9,10],"6":[4,6],"7":[2,4],"8":[4,0],"9":[7,26],"10":[33,33,29,28],"11":[4,3],"12":[0,7],"13":[2,5],"14":[1,6],"15":[3,3],"16":[1,2],"17":[1,1],"18":[1,0],"19":[3,5],"20":[3,2],"21":[1,1],"22":[1,0]}}
,"/Users/morganparry/repos/interviewPrep/src/robots/utils.ts": {"path":"/Users/morganparry/repos/interviewPrep/src/robots/utils.ts","statementMap":{"0":{"start":{"line":9,"column":29},"end":{"line":16,"column":null}},"1":{"start":{"line":10,"column":4},"end":{"line":14,"column":null}},"2":{"start":{"line":15,"column":4},"end":{"line":15,"column":null}},"3":{"start":{"line":23,"column":36},"end":{"line":39,"column":null}},"4":{"start":{"line":24,"column":22},"end":{"line":24,"column":null}},"5":{"start":{"line":25,"column":4},"end":{"line":31,"column":null}},"6":{"start":{"line":26,"column":8},"end":{"line":30,"column":null}},"7":{"start":{"line":33,"column":4},"end":{"line":37,"column":null}},"8":{"start":{"line":46,"column":27},"end":{"line":52,"column":null}},"9":{"start":{"line":47,"column":21},"end":{"line":47,"column":null}},"10":{"start":{"line":48,"column":4},"end":{"line":50,"column":null}},"11":{"start":{"line":49,"column":8},"end":{"line":49,"column":null}},"12":{"start":{"line":51,"column":4},"end":{"line":51,"column":null}},"13":{"start":{"line":55,"column":23},"end":{"line":55,"column":null}},"14":{"start":{"line":66,"column":29},"end":{"line":89,"column":null}},"15":{"start":{"line":67,"column":21},"end":{"line":67,"column":null}},"16":{"start":{"line":68,"column":19},"end":{"line":68,"column":null}},"17":{"start":{"line":70,"column":4},"end":{"line":73,"column":null}},"18":{"start":{"line":71,"column":8},"end":{"line":71,"column":null}},"19":{"start":{"line":72,"column":8},"end":{"line":72,"column":null}},"20":{"start":{"line":74,"column":22},"end":{"line":74,"column":null}},"21":{"start":{"line":77,"column":4},"end":{"line":80,"column":null}},"22":{"start":{"line":78,"column":8},"end":{"line":78,"column":null}},"23":{"start":{"line":79,"column":8},"end":{"line":79,"column":null}},"24":{"start":{"line":82,"column":14},"end":{"line":82,"column":null}},"25":{"start":{"line":83,"column":14},"end":{"line":83,"column":null}},"26":{"start":{"line":85,"column":4},"end":{"line":88,"column":null}},"27":{"start":{"line":96,"column":32},"end":{"line":96,"column":null}},"28":{"start":{"line":96,"column":51},"end":{"line":96,"column":null}},"29":{"start":{"line":103,"column":49},"end":{"line":136,"column":null}},"30":{"start":{"line":104,"column":21},"end":{"line":104,"column":null}},"31":{"start":{"line":105,"column":38},"end":{"line":105,"column":null}},"32":{"start":{"line":107,"column":8},"end":{"line":110,"column":null}},"33":{"start":{"line":108,"column":12},"end":{"line":108,"column":null}},"34":{"start":{"line":109,"column":12},"end":{"line":109,"column":null}},"35":{"start":{"line":112,"column":24},"end":{"line":112,"column":null}},"36":{"start":{"line":113,"column":8},"end":{"line":116,"column":null}},"37":{"start":{"line":114,"column":12},"end":{"line":114,"column":null}},"38":{"start":{"line":115,"column":12},"end":{"line":115,"column":null}},"39":{"start":{"line":118,"column":32},"end":{"line":118,"column":null}},"40":{"start":{"line":120,"column":23},"end":{"line":120,"column":null}},"41":{"start":{"line":122,"column":8},"end":{"line":130,"column":null}},"42":{"start":{"line":128,"column":12},"end":{"line":128,"column":null}},"43":{"start":{"line":129,"column":12},"end":{"line":129,"column":null}},"44":{"start":{"line":132,"column":4},"end":{"line":135,"column":null}},"45":{"start":{"line":138,"column":30},"end":{"line":138,"column":null}},"46":{"start":{"line":144,"column":35},"end":{"line":158,"column":null}},"47":{"start":{"line":145,"column":21},"end":{"line":145,"column":null}},"48":{"start":{"line":146,"column":25},"end":{"line":146,"column":null}},"49":{"start":{"line":147,"column":4},"end":{"line":150,"column":null}},"50":{"start":{"line":148,"column":8},"end":{"line":148,"column":null}},"51":{"start":{"line":149,"column":8},"end":{"line":149,"column":null}},"52":{"start":{"line":152,"column":4},"end":{"line":155,"column":null}},"53":{"start":{"line":153,"column":8},"end":{"line":153,"column":null}},"54":{"start":{"line":154,"column":8},"end":{"line":154,"column":null}},"55":{"start":{"line":157,"column":4},"end":{"line":157,"column":null}}},"fnMap":{"0":{"name":"(anonymous_0)","decl":{"start":{"line":9,"column":29},"end":{"line":9,"column":35}},"loc":{"start":{"line":9,"column":35},"end":{"line":16,"column":null}}},"1":{"name":"(anonymous_1)","decl":{"start":{"line":23,"column":36},"end":{"line":23,"column":37}},"loc":{"start":{"line":23,"column":77},"end":{"line":39,"column":null}}},"2":{"name":"(anonymous_2)","decl":{"start":{"line":46,"column":27},"end":{"line":46,"column":28}},"loc":{"start":{"line":46,"column":68},"end":{"line":52,"column":null}}},"3":{"name":"(anonymous_3)","decl":{"start":{"line":66,"column":29},"end":{"line":66,"column":56}},"loc":{"start":{"line":66,"column":56},"end":{"line":89,"column":null}}},"4":{"name":"(anonymous_4)","decl":{"start":{"line":96,"column":32},"end":{"line":96,"column":33}},"loc":{"start":{"line":96,"column":51},"end":{"line":96,"column":null}}},"5":{"name":"(anonymous_5)","decl":{"start":{"line":103,"column":49},"end":{"line":103,"column":50}},"loc":{"start":{"line":103,"column":105},"end":{"line":136,"column":null}}},"6":{"name":"(anonymous_6)","decl":{"start":{"line":144,"column":35},"end":{"line":144,"column":49}},"loc":{"start":{"line":144,"column":49},"end":{"line":158,"column":null}}}},"branchMap":{"0":{"loc":{"start":{"line":25,"column":4},"end":{"line":31,"column":null}},"type":"if","locations":[{"start":{"line":25,"column":4},"end":{"line":31,"column":null}},{"start":{"line":25,"column":4},"end":{"line":31,"column":null}}]},"1":{"loc":{"start":{"line":48,"column":4},"end":{"line":50,"column":null}},"type":"if","locations":[{"start":{"line":48,"column":4},"end":{"line":50,"column":null}},{"start":{"line":48,"column":4},"end":{"line":50,"column":null}}]},"2":{"loc":{"start":{"line":48,"column":8},"end":{"line":48,"column":45}},"type":"binary-expr","locations":[{"start":{"line":48,"column":8},"end":{"line":48,"column":21}},{"start":{"line":48,"column":21},"end":{"line":48,"column":45}}]},"3":{"loc":{"start":{"line":70,"column":4},"end":{"line":73,"column":null}},"type":"if","locations":[{"start":{"line":70,"column":4},"end":{"line":73,"column":null}},{"start":{"line":70,"column":4},"end":{"line":73,"column":null}}]},"4":{"loc":{"start":{"line":77,"column":4},"end":{"line":80,"column":null}},"type":"if","locations":[{"start":{"line":77,"column":4},"end":{"line":80,"column":null}},{"start":{"line":77,"column":4},"end":{"line":80,"column":null}}]},"5":{"loc":{"start":{"line":107,"column":8},"end":{"line":110,"column":null}},"type":"if","locations":[{"start":{"line":107,"column":8},"end":{"line":110,"column":null}},{"start":{"line":107,"column":8},"end":{"line":110,"column":null}}]},"6":{"loc":{"start":{"line":113,"column":8},"end":{"line":116,"column":null}},"type":"if","locations":[{"start":{"line":113,"column":8},"end":{"line":116,"column":null}},{"start":{"line":113,"column":8},"end":{"line":116,"column":null}}]},"7":{"loc":{"start":{"line":122,"column":8},"end":{"line":130,"column":null}},"type":"if","locations":[{"start":{"line":122,"column":8},"end":{"line":130,"column":null}},{"start":{"line":122,"column":8},"end":{"line":130,"column":null}}]},"8":{"loc":{"start":{"line":123,"column":13},"end":{"line":126,"column":null}},"type":"binary-expr","locations":[{"start":{"line":123,"column":13},"end":{"line":123,"column":null}},{"start":{"line":124,"column":13},"end":{"line":124,"column":null}},{"start":{"line":125,"column":12},"end":{"line":125,"column":null}},{"start":{"line":126,"column":12},"end":{"line":126,"column":null}}]},"9":{"loc":{"start":{"line":147,"column":4},"end":{"line":150,"column":null}},"type":"if","locations":[{"start":{"line":147,"column":4},"end":{"line":150,"column":null}},{"start":{"line":147,"column":4},"end":{"line":150,"column":null}}]},"10":{"loc":{"start":{"line":152,"column":4},"end":{"line":155,"column":null}},"type":"if","locations":[{"start":{"line":152,"column":4},"end":{"line":155,"column":null}},{"start":{"line":152,"column":4},"end":{"line":155,"column":null}}]}},"s":{"0":2,"1":2,"2":2,"3":2,"4":9,"5":9,"6":1,"7":8,"8":2,"9":9,"10":9,"11":1,"12":8,"13":2,"14":2,"15":6,"16":6,"17":6,"18":1,"19":1,"20":5,"21":5,"22":1,"23":1,"24":4,"25":4,"26":4,"27":2,"28":9,"29":2,"30":9,"31":9,"32":9,"33":1,"34":1,"35":8,"36":8,"37":1,"38":1,"39":7,"40":7,"41":7,"42":1,"43":1,"44":6,"45":2,"46":2,"47":6,"48":6,"49":6,"50":1,"51":1,"52":5,"53":1,"54":1,"55":4},"f":{"0":2,"1":9,"2":9,"3":6,"4":9,"5":9,"6":6},"b":{"0":[1,8],"1":[1,8],"2":[9,9],"3":[1,5],"4":[1,4],"5":[1,8],"6":[1,7],"7":[1,6],"8":[7,6,6,6],"9":[1,5],"10":[1,4]}}
}
